<?xml version="1.0" encoding="UTF-8"?>
<testng-results ignored="0" total="3" passed="3" failed="0" skipped="0">
  <reporter-output>
  </reporter-output>
  <suite started-at="2025-03-25T16:24:25 IST" name="Suite" finished-at="2025-03-25T16:24:55 IST" duration-ms="29666">
    <groups>
    </groups>
    <test started-at="2025-03-25T16:24:25 IST" name="search" finished-at="2025-03-25T16:24:55 IST" duration-ms="29666">
      <class name="com.test.basics.DataProvider_Excel">
        <test-method is-config="true" signature="setup()[pri:0, instance:com.test.basics.DataProvider_Excel@22ff4249]" started-at="2025-03-25T16:24:26 IST" name="setup" finished-at="2025-03-25T16:24:31 IST" duration-ms="4357" status="PASS">
          <reporter-output>
          </reporter-output>
        </test-method> <!-- setup -->
        <test-method signature="search(java.lang.String,java.lang.String)[pri:0, instance:com.test.basics.DataProvider_Excel@22ff4249]" started-at="2025-03-25T16:24:31 IST" name="search" data-provider="excelData" finished-at="2025-03-25T16:24:36 IST" duration-ms="5253" status="PASS">
          <params>
            <param index="0">
              <value>
                <![CDATA[Selenium]]>
              </value>
            </param>
            <param index="1">
              <value>
                <![CDATA[tools]]>
              </value>
            </param>
          </params>
          <reporter-output>
          </reporter-output>
        </test-method> <!-- search -->
        <test-method is-config="true" signature="afterMethod()[pri:0, instance:com.test.basics.DataProvider_Excel@22ff4249]" started-at="2025-03-25T16:24:36 IST" name="afterMethod" finished-at="2025-03-25T16:24:36 IST" duration-ms="372" status="PASS">
          <reporter-output>
          </reporter-output>
        </test-method> <!-- afterMethod -->
        <test-method is-config="true" signature="setup()[pri:0, instance:com.test.basics.DataProvider_Excel@22ff4249]" started-at="2025-03-25T16:24:36 IST" name="setup" finished-at="2025-03-25T16:24:41 IST" duration-ms="4315" status="PASS">
          <reporter-output>
          </reporter-output>
        </test-method> <!-- setup -->
        <test-method signature="search(java.lang.String,java.lang.String)[pri:0, instance:com.test.basics.DataProvider_Excel@22ff4249]" started-at="2025-03-25T16:24:41 IST" name="search" data-provider="excelData" finished-at="2025-03-25T16:24:44 IST" duration-ms="3363" status="PASS">
          <params>
            <param index="0">
              <value>
                <![CDATA[Java]]>
              </value>
            </param>
            <param index="1">
              <value>
                <![CDATA[language]]>
              </value>
            </param>
          </params>
          <reporter-output>
          </reporter-output>
        </test-method> <!-- search -->
        <test-method is-config="true" signature="afterMethod()[pri:0, instance:com.test.basics.DataProvider_Excel@22ff4249]" started-at="2025-03-25T16:24:44 IST" name="afterMethod" finished-at="2025-03-25T16:24:44 IST" duration-ms="294" status="PASS">
          <reporter-output>
          </reporter-output>
        </test-method> <!-- afterMethod -->
        <test-method is-config="true" signature="setup()[pri:0, instance:com.test.basics.DataProvider_Excel@22ff4249]" started-at="2025-03-25T16:24:44 IST" name="setup" finished-at="2025-03-25T16:24:49 IST" duration-ms="4418" status="PASS">
          <reporter-output>
          </reporter-output>
        </test-method> <!-- setup -->
        <test-method signature="search(java.lang.String,java.lang.String)[pri:0, instance:com.test.basics.DataProvider_Excel@22ff4249]" started-at="2025-03-25T16:24:49 IST" name="search" data-provider="excelData" finished-at="2025-03-25T16:24:55 IST" duration-ms="5789" status="PASS">
          <params>
            <param index="0">
              <value>
                <![CDATA[TestNG]]>
              </value>
            </param>
            <param index="1">
              <value>
                <![CDATA[framework]]>
              </value>
            </param>
          </params>
          <reporter-output>
          </reporter-output>
        </test-method> <!-- search -->
        <test-method is-config="true" signature="afterMethod()[pri:0, instance:com.test.basics.DataProvider_Excel@22ff4249]" started-at="2025-03-25T16:24:55 IST" name="afterMethod" finished-at="2025-03-25T16:24:55 IST" duration-ms="405" status="PASS">
          <reporter-output>
          </reporter-output>
        </test-method> <!-- afterMethod -->
      </class> <!-- com.test.basics.DataProvider_Excel -->
    </test> <!-- search -->
  </suite> <!-- Suite -->
</testng-results>
