<?xml version="1.0" encoding="UTF-8"?>
<!-- Generated by org.testng.reporters.JUnitXMLReporter -->
<testsuite ignored="0" hostname="LAPTOP-RG2DJRNT" failures="0" tests="3" name="Default test" time="31.168" errors="0" timestamp="2025-03-25T16:23:25 IST">
  <testcase classname="com.test.basics.DataProvider_Excel" name="search" time="3.38"/>
  <testcase classname="com.test.basics.DataProvider_Excel" name="search" time="5.672"/>
  <testcase classname="com.test.basics.DataProvider_Excel" name="search" time="5.933"/>
</testsuite> <!-- Default test -->
