<?xml version="1.0" encoding="UTF-8"?>
<!-- Generated by org.testng.reporters.JUnitXMLReporter -->
<testsuite ignored="1" hostname="LAPTOP-RG2DJRNT" failures="0" tests="2" name=" Parallel Test" time="0.109" errors="0" timestamp="2025-03-21T14:35:00 IST">
  <testcase classname="com.test.basics.GroupsDemo" name="f1" time="0.017"/>
  <testcase classname="com.test.basics.GroupsDemo" name="f2" time="0.017"/>
  <testcase classname="com.test.basics.GroupsDemo" name="f" time="0.0">
    <ignored/>
  </testcase> <!-- f -->
</testsuite> <!--  Parallel Test -->
