<?xml version="1.0" encoding="UTF-8"?>
<!-- Generated by org.testng.reporters.JUnitXMLReporter -->
<testsuite ignored="0" hostname="LAPTOP-RG2DJRNT" failures="0" tests="4" name="SearchTest" time="40.567" errors="0" timestamp="2025-03-25T16:42:43 IST">
  <testcase classname="com.test.basics.DataProvider_Excel" name="search" time="3.442"/>
  <testcase classname="com.test.basics.DataProvider_Excel" name="search" time="5.304"/>
  <testcase classname="com.test.basics.DataProvider_Excel" name="search" time="6.07"/>
  <testcase classname="com.test.basics.DataProvider_Excel" name="search" time="4.929"/>
</testsuite> <!-- SearchTest -->
