<?xml version="1.0" encoding="UTF-8"?>
<!-- Generated by org.testng.reporters.JUnitXMLReporter -->
<testsuite ignored="0" hostname="LAPTOP-RG2DJRNT" failures="0" tests="3" name="search" time="29.666" errors="0" timestamp="2025-03-25T16:24:55 IST">
  <testcase classname="com.test.basics.DataProvider_Excel" name="search" time="5.253"/>
  <testcase classname="com.test.basics.DataProvider_Excel" name="search" time="3.363"/>
  <testcase classname="com.test.basics.DataProvider_Excel" name="search" time="5.789"/>
</testsuite> <!-- search -->
