<?xml version="1.0" encoding="UTF-8"?>
<!-- Generated by org.testng.reporters.JUnitXMLReporter -->
<testsuite ignored="0" hostname="LAPTOP-RG2DJRNT" failures="1" tests="1" name="Test" time="0.966" errors="0" timestamp="2025-03-25T16:14:33 IST">
  <testcase classname="com.test.basics.DataProvider_Excel" name="search" time="0.0">
    <failure type="org.testng.TestNGException" message="
Data Provider public java.lang.Object[][] com.test.basics.DPExcel.excelDataProvider() throws java.io.IOException returned a null value">
      <![CDATA[org.testng.TestNGException: 
Data Provider public java.lang.Object[][] com.test.basics.DPExcel.excelDataProvider() throws java.io.IOException returned a null value
at java.base/java.util.ArrayList.forEach(ArrayList.java:1596)
... Removed 24 stack frames]]>
    </failure>
  </testcase> <!-- search -->
</testsuite> <!-- Test -->
