<?xml version="1.0" encoding="UTF-8"?>
<!-- Generated by org.testng.reporters.JUnitXMLReporter -->
<testsuite ignored="0" hostname="LAPTOP-RG2DJRNT" failures="0" tests="5" name="Test" time="17.06" errors="0" timestamp="2025-03-21T11:06:31 IST">
  <testcase classname="com.test.basics.Sample" name="f" time="0.023"/>
  <testcase classname="com.test.basics.Sample" name="s" time="0.008"/>
  <testcase classname="com.test.basics.Demo1" name="f" time="7.149"/>
  <testcase classname="com.test.basics.Practise" name="testingAssertions" time="0.018"/>
  <testcase classname="com.test.basics.Demo_Test" name="verifyTitle" time="0.031"/>
</testsuite> <!-- Test -->
